2005.03.09 14:01 B C:\Documents and Settings\mdixon\Bureau\blosxom BU\files\blosxom\images\2_studies.jpg <-- Blog /var/www/html/blosxom/images 2_studies.jpg
2005.03.09 14:01 B C:\Documents and Settings\mdixon\Bureau\blosxom BU\files\blosxom\images\allofthem.jpg <-- Blog /var/www/html/blosxom/images allofthem.jpg
2005.03.09 14:01 B C:\Documents and Settings\mdixon\Bureau\blosxom BU\files\blosxom\images\alveoli.gif <-- Blog /var/www/html/blosxom/images alveoli.gif
2005.03.09 14:01 B C:\Documents and Settings\mdixon\Bureau\blosxom BU\files\blosxom\images\bend_study.jpg <-- Blog /var/www/html/blosxom/images bend_study.jpg
2005.03.09 14:01 B C:\Documents and Settings\mdixon\Bureau\blosxom BU\files\blosxom\images\bike_1.jpg <-- Blog /var/www/html/blosxom/images bike_1.jpg
2005.03.09 14:01 B C:\Documents and Settings\mdixon\Bureau\blosxom BU\files\blosxom\images\bike_2.jpg <-- Blog /var/www/html/blosxom/images bike_2.jpg
2005.03.09 14:01 B C:\Documents and Settings\mdixon\Bureau\blosxom BU\files\blosxom\images\bilingual.jpg <-- Blog /var/www/html/blosxom/images bilingual.jpg
2005.03.09 14:01 B C:\Documents and Settings\mdixon\Bureau\blosxom BU\files\blosxom\images\blue_blur.jpg <-- Blog /var/www/html/blosxom/images blue_blur.jpg
2005.03.09 14:01 B C:\Documents and Settings\mdixon\Bureau\blosxom BU\files\blosxom\images\blue_pink.jpg <-- Blog /var/www/html/blosxom/images blue_pink.jpg
2005.03.09 14:01 B C:\Documents and Settings\mdixon\Bureau\blosxom BU\files\blosxom\images\branches_1.jpg <-- Blog /var/www/html/blosxom/images branches_1.jpg
2005.03.09 14:01 B C:\Documents and Settings\mdixon\Bureau\blosxom BU\files\blosxom\images\bsp_1.jpg <-- Blog /var/www/html/blosxom/images bsp_1.jpg
2005.03.09 14:01 B C:\Documents and Settings\mdixon\Bureau\blosxom BU\files\blosxom\images\bustop.jpg <-- Blog /var/www/html/blosxom/images bustop.jpg
2005.03.09 14:01 B C:\Documents and Settings\mdixon\Bureau\blosxom BU\files\blosxom\images\C-4.jpg <-- Blog /var/www/html/blosxom/images C-4.jpg
2005.03.09 14:01 B C:\Documents and Settings\mdixon\Bureau\blosxom BU\files\blosxom\images\C-6.jpg <-- Blog /var/www/html/blosxom/images C-6.jpg
2005.03.09 14:01 B C:\Documents and Settings\mdixon\Bureau\blosxom BU\files\blosxom\images\cajun.jpg <-- Blog /var/www/html/blosxom/images cajun.jpg
2005.03.09 14:01 B C:\Documents and Settings\mdixon\Bureau\blosxom BU\files\blosxom\images\draw_apr_16_2.jpg <-- Blog /var/www/html/blosxom/images draw_apr_16_2.jpg
2005.03.09 14:01 B C:\Documents and Settings\mdixon\Bureau\blosxom BU\files\blosxom\images\draw_apr_19.jpg <-- Blog /var/www/html/blosxom/images draw_apr_19.jpg
2005.03.09 14:01 B C:\Documents and Settings\mdixon\Bureau\blosxom BU\files\blosxom\images\draw_apr_19b.jpg <-- Blog /var/www/html/blosxom/images draw_apr_19b.jpg
2005.03.09 14:01 B C:\Documents and Settings\mdixon\Bureau\blosxom BU\files\blosxom\images\draw_mar_29b.gif <-- Blog /var/www/html/blosxom/images draw_mar_29b.gif
2005.03.09 14:01 B C:\Documents and Settings\mdixon\Bureau\blosxom BU\files\blosxom\images\draw_shadow.jpg <-- Blog /var/www/html/blosxom/images draw_shadow.jpg
2005.03.09 14:01 B C:\Documents and Settings\mdixon\Bureau\blosxom BU\files\blosxom\images\drawing_PS.jpg <-- Blog /var/www/html/blosxom/images drawing_PS.jpg
2005.03.09 14:01 B C:\Documents and Settings\mdixon\Bureau\blosxom BU\files\blosxom\images\drip.gif <-- Blog /var/www/html/blosxom/images drip.gif
2005.03.09 14:01 B C:\Documents and Settings\mdixon\Bureau\blosxom BU\files\blosxom\images\droop_intertwined.jpg <-- Blog /var/www/html/blosxom/images droop_intertwined.jpg
2005.03.09 14:01 B C:\Documents and Settings\mdixon\Bureau\blosxom BU\files\blosxom\images\endlessriver.jpg <-- Blog /var/www/html/blosxom/images endlessriver.jpg
2005.03.09 14:01 B C:\Documents and Settings\mdixon\Bureau\blosxom BU\files\blosxom\images\fiction.jpg <-- Blog /var/www/html/blosxom/images fiction.jpg
2005.03.09 14:01 B C:\Documents and Settings\mdixon\Bureau\blosxom BU\files\blosxom\images\float.jpg <-- Blog /var/www/html/blosxom/images float.jpg
2005.03.09 14:01 B C:\Documents and Settings\mdixon\Bureau\blosxom BU\files\blosxom\images\float_red_2_sm.jpg <-- Blog /var/www/html/blosxom/images float_red_2_sm.jpg
2005.03.09 14:01 B C:\Documents and Settings\mdixon\Bureau\blosxom BU\files\blosxom\images\form_4.gif <-- Blog /var/www/html/blosxom/images form_4.gif
2005.03.09 14:01 B C:\Documents and Settings\mdixon\Bureau\blosxom BU\files\blosxom\images\fox.jpg <-- Blog /var/www/html/blosxom/images fox.jpg
2005.03.09 14:01 B C:\Documents and Settings\mdixon\Bureau\blosxom BU\files\blosxom\images\gathering.jpg <-- Blog /var/www/html/blosxom/images gathering.jpg
2005.03.09 14:01 B C:\Documents and Settings\mdixon\Bureau\blosxom BU\files\blosxom\images\globule.jpg <-- Blog /var/www/html/blosxom/images globule.jpg
2005.03.09 14:01 B C:\Documents and Settings\mdixon\Bureau\blosxom BU\files\blosxom\images\gravity.jpg <-- Blog /var/www/html/blosxom/images gravity.jpg
2005.03.09 14:01 B C:\Documents and Settings\mdixon\Bureau\blosxom BU\files\blosxom\images\green.jpg <-- Blog /var/www/html/blosxom/images green.jpg
2005.03.09 14:01 B C:\Documents and Settings\mdixon\Bureau\blosxom BU\files\blosxom\images\green_fiction_1.jpg <-- Blog /var/www/html/blosxom/images green_fiction_1.jpg
2005.03.09 14:01 B C:\Documents and Settings\mdixon\Bureau\blosxom BU\files\blosxom\images\green_fiction_2.jpg <-- Blog /var/www/html/blosxom/images green_fiction_2.jpg
2005.03.09 14:01 B C:\Documents and Settings\mdixon\Bureau\blosxom BU\files\blosxom\images\green_forms.jpg <-- Blog /var/www/html/blosxom/images green_forms.jpg
2005.03.09 14:01 B C:\Documents and Settings\mdixon\Bureau\blosxom BU\files\blosxom\images\green_pink.jpg <-- Blog /var/www/html/blosxom/images green_pink.jpg
2005.03.09 14:01 B C:\Documents and Settings\mdixon\Bureau\blosxom BU\files\blosxom\images\grow.jpg <-- Blog /var/www/html/blosxom/images grow.jpg
2005.03.09 14:01 B C:\Documents and Settings\mdixon\Bureau\blosxom BU\files\blosxom\images\header.jpg <-- Blog /var/www/html/blosxom/images header.jpg
2005.03.09 14:01 B C:\Documents and Settings\mdixon\Bureau\blosxom BU\files\blosxom\images\header_2.jpg <-- Blog /var/www/html/blosxom/images header_2.jpg
2005.03.09 14:01 B C:\Documents and Settings\mdixon\Bureau\blosxom BU\files\blosxom\images\holes.gif <-- Blog /var/www/html/blosxom/images holes.gif
2005.03.09 14:01 B C:\Documents and Settings\mdixon\Bureau\blosxom BU\files\blosxom\images\in_out.gif <-- Blog /var/www/html/blosxom/images in_out.gif
2005.03.09 14:01 B C:\Documents and Settings\mdixon\Bureau\blosxom BU\files\blosxom\images\julie_lake.jpg <-- Blog /var/www/html/blosxom/images julie_lake.jpg
2005.03.09 14:01 B C:\Documents and Settings\mdixon\Bureau\blosxom BU\files\blosxom\images\light.jpg <-- Blog /var/www/html/blosxom/images light.jpg
2005.03.09 14:01 B C:\Documents and Settings\mdixon\Bureau\blosxom BU\files\blosxom\images\loop_draw.jpg <-- Blog /var/www/html/blosxom/images loop_draw.jpg
2005.03.09 14:01 B C:\Documents and Settings\mdixon\Bureau\blosxom BU\files\blosxom\images\loop_draw_2.jpg <-- Blog /var/www/html/blosxom/images loop_draw_2.jpg
2005.03.09 14:01 B C:\Documents and Settings\mdixon\Bureau\blosxom BU\files\blosxom\images\loops.jpg <-- Blog /var/www/html/blosxom/images loops.jpg
2005.03.09 14:01 B C:\Documents and Settings\mdixon\Bureau\blosxom BU\files\blosxom\images\map.gif <-- Blog /var/www/html/blosxom/images map.gif
2005.03.09 14:01 B C:\Documents and Settings\mdixon\Bureau\blosxom BU\files\blosxom\images\mdf_1_big.jpg <-- Blog /var/www/html/blosxom/images mdf_1_big.jpg
2005.03.09 14:01 B C:\Documents and Settings\mdixon\Bureau\blosxom BU\files\blosxom\images\mdf_1_sm.jpg <-- Blog /var/www/html/blosxom/images mdf_1_sm.jpg
2005.03.09 14:01 B C:\Documents and Settings\mdixon\Bureau\blosxom BU\files\blosxom\images\me_booth.jpg <-- Blog /var/www/html/blosxom/images me_booth.jpg
2005.03.09 14:01 B C:\Documents and Settings\mdixon\Bureau\blosxom BU\files\blosxom\images\me_stand.jpg <-- Blog /var/www/html/blosxom/images me_stand.jpg
2005.03.09 14:01 B C:\Documents and Settings\mdixon\Bureau\blosxom BU\files\blosxom\images\minus40.jpg <-- Blog /var/www/html/blosxom/images minus40.jpg
2005.03.09 14:01 B C:\Documents and Settings\mdixon\Bureau\blosxom BU\files\blosxom\images\moon.jpg <-- Blog /var/www/html/blosxom/images moon.jpg
2005.03.09 14:01 B C:\Documents and Settings\mdixon\Bureau\blosxom BU\files\blosxom\images\movie_quicktime.jpg <-- Blog /var/www/html/blosxom/images movie_quicktime.jpg
2005.03.09 14:01 B C:\Documents and Settings\mdixon\Bureau\blosxom BU\files\blosxom\images\mtl_snow.jpg <-- Blog /var/www/html/blosxom/images mtl_snow.jpg
2005.03.09 14:01 B C:\Documents and Settings\mdixon\Bureau\blosxom BU\files\blosxom\images\nice_sky.jpg <-- Blog /var/www/html/blosxom/images nice_sky.jpg
2005.03.09 14:01 B C:\Documents and Settings\mdixon\Bureau\blosxom BU\files\blosxom\images\nrb_2.jpg <-- Blog /var/www/html/blosxom/images nrb_2.jpg
2005.03.09 14:01 B C:\Documents and Settings\mdixon\Bureau\blosxom BU\files\blosxom\images\nrb_j_n.jpg <-- Blog /var/www/html/blosxom/images nrb_j_n.jpg
2005.03.09 14:01 B C:\Documents and Settings\mdixon\Bureau\blosxom BU\files\blosxom\images\nrb_sand.jpg <-- Blog /var/www/html/blosxom/images nrb_sand.jpg
2005.03.09 14:01 B C:\Documents and Settings\mdixon\Bureau\blosxom BU\files\blosxom\images\old_1_sm.jpg <-- Blog /var/www/html/blosxom/images old_1_sm.jpg
2005.03.09 14:01 B C:\Documents and Settings\mdixon\Bureau\blosxom BU\files\blosxom\images\old_drawing.jpg <-- Blog /var/www/html/blosxom/images old_drawing.jpg
2005.03.09 14:01 B C:\Documents and Settings\mdixon\Bureau\blosxom BU\files\blosxom\images\old_drawing_2.jpg <-- Blog /var/www/html/blosxom/images old_drawing_2.jpg
2005.03.09 14:01 B C:\Documents and Settings\mdixon\Bureau\blosxom BU\files\blosxom\images\open_ended.jpg <-- Blog /var/www/html/blosxom/images open_ended.jpg
2005.03.09 14:01 B C:\Documents and Settings\mdixon\Bureau\blosxom BU\files\blosxom\images\orange_sm.jpg <-- Blog /var/www/html/blosxom/images orange_sm.jpg
2005.03.09 14:01 B C:\Documents and Settings\mdixon\Bureau\blosxom BU\files\blosxom\images\orangeandblue.jpg <-- Blog /var/www/html/blosxom/images orangeandblue.jpg
2005.03.09 14:01 B C:\Documents and Settings\mdixon\Bureau\blosxom BU\files\blosxom\images\orford_1.jpg <-- Blog /var/www/html/blosxom/images orford_1.jpg
2005.03.09 14:01 B C:\Documents and Settings\mdixon\Bureau\blosxom BU\files\blosxom\images\orford_1_sm.jpg <-- Blog /var/www/html/blosxom/images orford_1_sm.jpg
2005.03.09 14:01 B C:\Documents and Settings\mdixon\Bureau\blosxom BU\files\blosxom\images\orford_2.jpg <-- Blog /var/www/html/blosxom/images orford_2.jpg
2005.03.09 14:01 B C:\Documents and Settings\mdixon\Bureau\blosxom BU\files\blosxom\images\orford_2_sm.jpg <-- Blog /var/www/html/blosxom/images orford_2_sm.jpg
2005.03.09 14:02 B C:\Documents and Settings\mdixon\Bureau\blosxom BU\files\blosxom\images\out.gif <-- Blog /var/www/html/blosxom/images out.gif
2005.03.09 14:02 B C:\Documents and Settings\mdixon\Bureau\blosxom BU\files\blosxom\images\page_1_lg.jpg <-- Blog /var/www/html/blosxom/images page_1_lg.jpg
2005.03.09 14:02 B C:\Documents and Settings\mdixon\Bureau\blosxom BU\files\blosxom\images\page_1_sm.jpg <-- Blog /var/www/html/blosxom/images page_1_sm.jpg
2005.03.09 14:02 B C:\Documents and Settings\mdixon\Bureau\blosxom BU\files\blosxom\images\page_2_sm.jpg <-- Blog /var/www/html/blosxom/images page_2_sm.jpg
2005.03.09 14:02 B C:\Documents and Settings\mdixon\Bureau\blosxom BU\files\blosxom\images\page_3a_sm.jpg <-- Blog /var/www/html/blosxom/images page_3a_sm.jpg
2005.03.09 14:02 B C:\Documents and Settings\mdixon\Bureau\blosxom BU\files\blosxom\images\pb_blosxom.gif <-- Blog /var/www/html/blosxom/images pb_blosxom.gif
2005.03.09 14:02 B C:\Documents and Settings\mdixon\Bureau\blosxom BU\files\blosxom\images\pink_2.jpg <-- Blog /var/www/html/blosxom/images pink_2.jpg
2005.03.09 14:02 B C:\Documents and Settings\mdixon\Bureau\blosxom BU\files\blosxom\images\pink_2_big.jpg <-- Blog /var/www/html/blosxom/images pink_2_big.jpg
2005.03.09 14:02 B C:\Documents and Settings\mdixon\Bureau\blosxom BU\files\blosxom\images\pink_3.jpg <-- Blog /var/www/html/blosxom/images pink_3.jpg
2005.03.09 14:02 B C:\Documents and Settings\mdixon\Bureau\blosxom BU\files\blosxom\images\pink_blue.jpg <-- Blog /var/www/html/blosxom/images pink_blue.jpg
2005.03.09 14:02 B C:\Documents and Settings\mdixon\Bureau\blosxom BU\files\blosxom\images\pink_dots.jpg <-- Blog /var/www/html/blosxom/images pink_dots.jpg
2005.03.09 14:02 B C:\Documents and Settings\mdixon\Bureau\blosxom BU\files\blosxom\images\pink_dots_big.jpg <-- Blog /var/www/html/blosxom/images pink_dots_big.jpg
2005.03.09 14:02 B C:\Documents and Settings\mdixon\Bureau\blosxom BU\files\blosxom\images\pink_lines.jpg <-- Blog /var/www/html/blosxom/images pink_lines.jpg
2005.03.09 14:02 B C:\Documents and Settings\mdixon\Bureau\blosxom BU\files\blosxom\images\pink_yellow.jpg <-- Blog /var/www/html/blosxom/images pink_yellow.jpg
2005.03.09 14:02 B C:\Documents and Settings\mdixon\Bureau\blosxom BU\files\blosxom\images\pinkthing.jpg <-- Blog /var/www/html/blosxom/images pinkthing.jpg
2005.03.09 14:02 B C:\Documents and Settings\mdixon\Bureau\blosxom BU\files\blosxom\images\red_1.jpg <-- Blog /var/www/html/blosxom/images red_1.jpg
2005.03.09 14:02 B C:\Documents and Settings\mdixon\Bureau\blosxom BU\files\blosxom\images\red_circle.jpg <-- Blog /var/www/html/blosxom/images red_circle.jpg
2005.03.09 14:02 B C:\Documents and Settings\mdixon\Bureau\blosxom BU\files\blosxom\images\red_lush.jpg <-- Blog /var/www/html/blosxom/images red_lush.jpg
2005.03.09 14:02 B C:\Documents and Settings\mdixon\Bureau\blosxom BU\files\blosxom\images\schema.gif <-- Blog /var/www/html/blosxom/images schema.gif
2005.03.09 14:02 B C:\Documents and Settings\mdixon\Bureau\blosxom BU\files\blosxom\images\sept_21_04.jpg <-- Blog /var/www/html/blosxom/images sept_21_04.jpg
2005.03.09 14:02 B C:\Documents and Settings\mdixon\Bureau\blosxom BU\files\blosxom\images\sept_23_04.jpg <-- Blog /var/www/html/blosxom/images sept_23_04.jpg
2005.03.09 14:02 B C:\Documents and Settings\mdixon\Bureau\blosxom BU\files\blosxom\images\sketch_river.gif <-- Blog /var/www/html/blosxom/images sketch_river.gif
2005.03.09 14:02 B C:\Documents and Settings\mdixon\Bureau\blosxom BU\files\blosxom\images\sketchbook.gif <-- Blog /var/www/html/blosxom/images sketchbook.gif
2005.03.09 14:02 B C:\Documents and Settings\mdixon\Bureau\blosxom BU\files\blosxom\images\sketchbook_1.jpg <-- Blog /var/www/html/blosxom/images sketchbook_1.jpg
2005.03.09 14:02 B C:\Documents and Settings\mdixon\Bureau\blosxom BU\files\blosxom\images\sketchbook_logo.psd <-- Blog /var/www/html/blosxom/images sketchbook_logo.psd
2005.03.09 14:02 B C:\Documents and Settings\mdixon\Bureau\blosxom BU\files\blosxom\images\slit.jpg <-- Blog /var/www/html/blosxom/images slit.jpg
2005.03.09 14:02 B C:\Documents and Settings\mdixon\Bureau\blosxom BU\files\blosxom\images\songanddance.jpg <-- Blog /var/www/html/blosxom/images songanddance.jpg
2005.03.09 14:02 B C:\Documents and Settings\mdixon\Bureau\blosxom BU\files\blosxom\images\square_ul.gif <-- Blog /var/www/html/blosxom/images square_ul.gif
2005.03.09 14:02 B C:\Documents and Settings\mdixon\Bureau\blosxom BU\files\blosxom\images\square_ul_bu.gif <-- Blog /var/www/html/blosxom/images square_ul_bu.gif
2005.03.09 14:02 B C:\Documents and Settings\mdixon\Bureau\blosxom BU\files\blosxom\images\squiggles.jpg <-- Blog /var/www/html/blosxom/images squiggles.jpg
2005.03.09 14:02 B C:\Documents and Settings\mdixon\Bureau\blosxom BU\files\blosxom\images\study_1.jpg <-- Blog /var/www/html/blosxom/images study_1.jpg
2005.03.09 14:02 B C:\Documents and Settings\mdixon\Bureau\blosxom BU\files\blosxom\images\study_painting.jpg <-- Blog /var/www/html/blosxom/images study_painting.jpg
2005.03.09 14:02 B C:\Documents and Settings\mdixon\Bureau\blosxom BU\files\blosxom\images\surfacing.jpg <-- Blog /var/www/html/blosxom/images surfacing.jpg
2005.03.09 14:02 B C:\Documents and Settings\mdixon\Bureau\blosxom BU\files\blosxom\images\teach_grow.jpg <-- Blog /var/www/html/blosxom/images teach_grow.jpg
2005.03.09 14:02 B C:\Documents and Settings\mdixon\Bureau\blosxom BU\files\blosxom\images\teach_grow_lg.jpg <-- Blog /var/www/html/blosxom/images teach_grow_lg.jpg
2005.03.09 14:02 B C:\Documents and Settings\mdixon\Bureau\blosxom BU\files\blosxom\images\texans4truth.jpg <-- Blog /var/www/html/blosxom/images texans4truth.jpg
2005.03.09 14:02 B C:\Documents and Settings\mdixon\Bureau\blosxom BU\files\blosxom\images\three.jpg <-- Blog /var/www/html/blosxom/images three.jpg
2005.03.09 14:02 B C:\Documents and Settings\mdixon\Bureau\blosxom BU\files\blosxom\images\twocharacters.jpg <-- Blog /var/www/html/blosxom/images twocharacters.jpg
2005.03.09 14:02 B C:\Documents and Settings\mdixon\Bureau\blosxom BU\files\blosxom\images\unravel.jpg <-- Blog /var/www/html/blosxom/images unravel.jpg
2005.03.09 14:02 B C:\Documents and Settings\mdixon\Bureau\blosxom BU\files\blosxom\images\up.jpg <-- Blog /var/www/html/blosxom/images up.jpg
2005.03.09 14:02 B C:\Documents and Settings\mdixon\Bureau\blosxom BU\files\blosxom\images\upward.jpg <-- Blog /var/www/html/blosxom/images upward.jpg
2005.03.09 14:02 B C:\Documents and Settings\mdixon\Bureau\blosxom BU\files\blosxom\images\xmlfeed.gif <-- Blog /var/www/html/blosxom/images xmlfeed.gif
2005.03.09 14:02 B C:\Documents and Settings\mdixon\Bureau\blosxom BU\files\blosxom\images\yellow.jpg <-- Blog /var/www/html/blosxom/images yellow.jpg
2005.03.09 14:02 B C:\Documents and Settings\mdixon\Bureau\blosxom BU\files\blosxom\images\yellow_lines.jpg <-- Blog /var/www/html/blosxom/images yellow_lines.jpg
2005.03.09 14:02 B C:\Documents and Settings\mdixon\Bureau\blosxom BU\files\blosxom\images\yhz.jpg <-- Blog /var/www/html/blosxom/images yhz.jpg
2005.03.09 14:49 B C:\Documents and Settings\mdixon\Bureau\blosxom BU\files\blosxom\images\draw_apr_16_2.jpg --> 69.56.205.70 /public_html/blosxom/images draw_apr_16_2.jpg
2005.03.09 14:49 B C:\Documents and Settings\mdixon\Bureau\blosxom BU\files\blosxom\images\header.jpg --> 69.56.205.70 /public_html/blosxom/images header.jpg
2005.03.09 14:49 B C:\Documents and Settings\mdixon\Bureau\blosxom BU\files\blosxom\images\loops.jpg --> 69.56.205.70 /public_html/blosxom/images loops.jpg
